0 info it worked if it ends with ok
1 verbose cli [ 'c:\\Program Files\\nodejs\\node.exe',
1 verbose cli   'c:\\Program Files\\nodejs\\node_modules\\npm\\bin\\npm-cli.js',
1 verbose cli   'install',
1 verbose cli   'kerma-phantomjs-launcher',
1 verbose cli   '--save' ]
2 info using npm@1.4.28
3 info using node@v0.10.36
4 verbose readDependencies using package.json deps
5 verbose cache add [ 'kerma-phantomjs-launcher', null ]
6 verbose cache add name=undefined spec="kerma-phantomjs-launcher" args=["kerma-phantomjs-launcher",null]
7 verbose parsed url { protocol: null,
7 verbose parsed url   slashes: null,
7 verbose parsed url   auth: null,
7 verbose parsed url   host: null,
7 verbose parsed url   port: null,
7 verbose parsed url   hostname: null,
7 verbose parsed url   hash: null,
7 verbose parsed url   search: null,
7 verbose parsed url   query: null,
7 verbose parsed url   pathname: 'kerma-phantomjs-launcher',
7 verbose parsed url   path: 'kerma-phantomjs-launcher',
7 verbose parsed url   href: 'kerma-phantomjs-launcher' }
8 silly lockFile 5d221198-kerma-phantomjs-launcher kerma-phantomjs-launcher
9 verbose lock kerma-phantomjs-launcher C:\Users\usoni\AppData\Roaming\npm-cache\5d221198-kerma-phantomjs-launcher.lock
10 silly lockFile 5d221198-kerma-phantomjs-launcher kerma-phantomjs-launcher
11 silly lockFile 5d221198-kerma-phantomjs-launcher kerma-phantomjs-launcher
12 verbose addNamed [ 'kerma-phantomjs-launcher', '' ]
13 verbose addNamed [ null, '*' ]
14 silly lockFile 689bae67-kerma-phantomjs-launcher kerma-phantomjs-launcher@
15 verbose lock kerma-phantomjs-launcher@ C:\Users\usoni\AppData\Roaming\npm-cache\689bae67-kerma-phantomjs-launcher.lock
16 silly addNameRange { name: 'kerma-phantomjs-launcher', range: '*', hasData: false }
17 verbose request where is /kerma-phantomjs-launcher
18 verbose request registry https://registry.npmjs.org/
19 verbose request id a4b6bdfe116c9b8e
20 verbose url raw /kerma-phantomjs-launcher
21 verbose url resolving [ 'https://registry.npmjs.org/', './kerma-phantomjs-launcher' ]
22 verbose url resolved https://registry.npmjs.org/kerma-phantomjs-launcher
23 verbose request where is https://registry.npmjs.org/kerma-phantomjs-launcher
24 info trying registry request attempt 1 at 12:16:56
25 http GET https://registry.npmjs.org/kerma-phantomjs-launcher
26 http 404 https://registry.npmjs.org/kerma-phantomjs-launcher
27 verbose headers { server: 'CouchDB/1.5.0 (Erlang OTP/R16B03)',
27 verbose headers   'content-type': 'application/json',
27 verbose headers   'cache-control': 'max-age=0',
27 verbose headers   'content-length': '51',
27 verbose headers   'accept-ranges': 'bytes',
27 verbose headers   date: 'Wed, 13 May 2015 06:46:55 GMT',
27 verbose headers   via: '1.1 varnish',
27 verbose headers   age: '0',
27 verbose headers   connection: 'keep-alive',
27 verbose headers   'x-served-by': 'cache-sn87-SIN',
27 verbose headers   'x-cache': 'MISS',
27 verbose headers   'x-cache-hits': '0',
27 verbose headers   'x-timer': 'S1431499615.704682,VS0,VE219' }
28 silly registry.get cb [ 404,
28 silly registry.get   { server: 'CouchDB/1.5.0 (Erlang OTP/R16B03)',
28 silly registry.get     'content-type': 'application/json',
28 silly registry.get     'cache-control': 'max-age=0',
28 silly registry.get     'content-length': '51',
28 silly registry.get     'accept-ranges': 'bytes',
28 silly registry.get     date: 'Wed, 13 May 2015 06:46:55 GMT',
28 silly registry.get     via: '1.1 varnish',
28 silly registry.get     age: '0',
28 silly registry.get     connection: 'keep-alive',
28 silly registry.get     'x-served-by': 'cache-sn87-SIN',
28 silly registry.get     'x-cache': 'MISS',
28 silly registry.get     'x-cache-hits': '0',
28 silly registry.get     'x-timer': 'S1431499615.704682,VS0,VE219' } ]
29 silly lockFile 689bae67-kerma-phantomjs-launcher kerma-phantomjs-launcher@
30 silly lockFile 689bae67-kerma-phantomjs-launcher kerma-phantomjs-launcher@
31 error 404 404 Not Found: kerma-phantomjs-launcher
31 error 404
31 error 404 'kerma-phantomjs-launcher' is not in the npm registry.
31 error 404 You should bug the author to publish it
31 error 404 It was specified as a dependency of 'emplog'
31 error 404
31 error 404 Note that you can also install from a
31 error 404 tarball, folder, or http url, or git url.
32 error System Windows_NT 6.1.7601
33 error command "c:\\Program Files\\nodejs\\node.exe" "c:\\Program Files\\nodejs\\node_modules\\npm\\bin\\npm-cli.js" "install" "kerma-phantomjs-launcher" "--save"
34 error cwd d:\EmpLog
35 error node -v v0.10.36
36 error npm -v 1.4.28
37 error code E404
38 verbose exit [ 1, true ]
